#XSPEC version: 12.11.1
#Build Date/Time: Tue Aug 11 16:48:28 2020
#
!XSPEC12>show all
#
#XSPEC version: 12.11.1
#
#Thu Nov 26 00:00:02 2020
# Auto-saving is done after every command.
# Fit statistic in use: C-Statistic
# Minimization technique: Levenberg-Marquardt
#    Convergence criterion = 0.01
#    Parameter fit deltas: 0.01 * parValue
#Using chain rule to calculate statistic derivatives (faster method).
# Querying enabled.
# Prefit-renorming enabled.
# Solar abundance table: wilm
# Photoionization Cross-Section Table:
#    vern:  Verner, Ferland, Korista, and Yakovlev 1996
# Cosmology in use: H0 = 70 q0 = 0 Lambda0 = 0.73
# Model data directory: /usr/local/heasoft-6.28/x86_64-pc-linux-gnu-libc2.31/../spectral/manager/../modelData/
# Plot settings:
#   Showing of individual additive components is OFF.
#   Showing of background spectra is OFF.
#   Effective area normalization is OFF.
#   Current unit settings:
#      Energy     = keV
#      Wavelength = angstrom, with Y-Axis displayed per Hz
#   X-Axis data display mode: Energy
#   Spectra plots will be shifted to source frame by redshift value z: 0
#   Device: /null
#   Plotting of line IDs is OFF.
#   Splashpage is ON.
#   xlog for data plots is ON.
#   ylog for data plots is OFF.
#
#   Default plot rebin settings for all plot groups:
#   Min. Signif.   Max. # Bins   Error Type
#        5.00000          1000         quad
#
# Responses read: 
#   /data/legs/rpete/flight/g21.5-0.9/spectra/6741_plerion.rmf associated with spectrum 1 source 1
#      energies: 1070 channels: 1024
# Distinct RMF files: 
#     /data/legs/rpete/flight/g21.5-0.9//data/legs/rpete/flight/g21.5-0.9/spectra/6741_plerion.rmf
#
#1 file 1 spectrum 
#Spectrum 1  Spectral Data File: spectra/6741_plerion.pi
#Net count rate (cts/s) for Spectrum:1  2.842e+00 +/- 1.705e-02 (99.5 % total)
# Assigned to Data Group 1 and Plot Group 1
#  Noticed Channels:  56-547
#  Telescope: CHANDRA Instrument: ACIS  Channel Type: PI
#  Exposure Time: 9829 sec
# Using fit statistic: cstat
# Using Background File                /data/legs/rpete/flight/g21.5-0.9/spectra/6741_plerion_bkg.pi
#  Background Exposure Time: 9829 sec
# Using Response (RMF) File            /data/legs/rpete/flight/g21.5-0.9/spectra/6741_plerion.rmf for Source 1
# Using Auxiliary Response (ARF) File  /data/legs/rpete/flight/g21.5-0.9/spectra/6741_plerion.arf
#
# Spectral data counts: 28070
# Model predicted rate: 2.84245
#
#
#Current model list:
#
#========================================================================
#Model TBabs<1>*powerlaw<2> Source No.: 1   Active/On
#Model Model Component  Parameter  Unit     Value
# par  comp
#   1    1   TBabs      nH         10^22    3.25055      +/-  5.43242E-02  
#   2    2   powerlaw   PhoIndex            1.80037      +/-  2.75928E-02  
#   3    2   powerlaw   norm                1.83080E-02  +/-  7.23405E-04  
#________________________________________________________________________
#
#   Using energies from responses.
#
#Fit statistic  : C-Statistic                  536.49     using 492 bins.
#
#Test statistic : Chi-Squared                 1289.08     using 492 bins.
# Null hypothesis probability of 2.42e-73 with 489 degrees of freedom
#
#Bayes is off
#
#
!XSPEC12>log none
#